build/app/intermediates/manifest_merge_blame_file/debug/manifest-merger-blame-debug-report.txt
1<?xml version="1.0" encoding="utf-8"?>
2<manifest xmlns:android="http://schemas.android.com/apk/res/android"
3    package="com.example.service_fixing"
4    android:versionCode="1"
5    android:versionName="1.0.0" >
6
7    <uses-sdk
8        android:minSdkVersion="20"
9        android:targetSdkVersion="33" />
10    <!--
11         The INTERNET permission is required for development. Specifically,
12         the Flutter tool needs it to communicate with the running application
13         to allow setting breakpoints, to provide hot reload, etc.
14    -->
15    <uses-permission android:name="android.permission.INTERNET" />
15-->src\debug\AndroidManifest.xml:6:5-66
15-->src\debug\AndroidManifest.xml:6:22-64
16    <uses-permission android:name="android.permission.FOREGROUND_SERVICE" />
16-->src\main\AndroidManifest.xml:2:5-77
16-->src\main\AndroidManifest.xml:2:22-74
17    <uses-permission android:name="android.permission.ACCESS_BACKGROUND_LOCATION" />
17-->src\main\AndroidManifest.xml:3:5-84
17-->src\main\AndroidManifest.xml:3:22-82
18    <uses-permission android:name="android.permission.CAMERA" />
18-->src\main\AndroidManifest.xml:4:5-64
18-->src\main\AndroidManifest.xml:4:22-62
19    <uses-permission android:name="android.permission.READ_EXTERNAL_STORAGE" />
19-->src\main\AndroidManifest.xml:5:5-79
19-->src\main\AndroidManifest.xml:5:22-77
20    <uses-permission android:name="android.permission.WRITE_EXTERNAL_STORAGE" />
20-->src\main\AndroidManifest.xml:6:5-80
20-->src\main\AndroidManifest.xml:6:22-78
21    <uses-permission android:name="android.permission.ACCESS_FINE_LOCATION" />
21-->src\main\AndroidManifest.xml:7:5-78
21-->src\main\AndroidManifest.xml:7:22-76
22    <uses-permission android:name="android.permission.ACCESS_COARSE_LOCATION" />
22-->src\main\AndroidManifest.xml:8:5-81
22-->src\main\AndroidManifest.xml:8:22-78
23
24    <queries>
24-->src\main\AndroidManifest.xml:9:5-21:15
25        <intent>
25-->src\main\AndroidManifest.xml:10:5-13:14
26            <action android:name="android.intent.action.VIEW" />
26-->src\main\AndroidManifest.xml:11:9-61
26-->src\main\AndroidManifest.xml:11:17-58
27
28            <data android:scheme="sms" />
28-->src\main\AndroidManifest.xml:12:9-38
28-->src\main\AndroidManifest.xml:12:15-35
29        </intent>
30        <intent>
30-->src\main\AndroidManifest.xml:14:5-17:14
31            <action android:name="android.intent.action.VIEW" />
31-->src\main\AndroidManifest.xml:11:9-61
31-->src\main\AndroidManifest.xml:11:17-58
32
33            <data android:scheme="tel" />
33-->src\main\AndroidManifest.xml:12:9-38
33-->src\main\AndroidManifest.xml:12:15-35
34        </intent>
35        <intent>
35-->src\main\AndroidManifest.xml:18:5-20:14
36            <action android:name="android.support.customtabs.action.CustomTabsService" />
36-->src\main\AndroidManifest.xml:19:9-86
36-->src\main\AndroidManifest.xml:19:17-83
37        </intent>
38        <!-- Needs to be explicitly declared on Android R+ -->
39        <package android:name="com.google.android.apps.maps" />
39-->[com.google.android.gms:play-services-maps:18.2.0] AndroidManifest.xml:33:9-64
39-->[com.google.android.gms:play-services-maps:18.2.0] AndroidManifest.xml:33:18-61
40    </queries>
41
42    <uses-permission android:name="android.permission.WAKE_LOCK" />
42-->[:firebase_messaging] AndroidManifest.xml:8:5-68
42-->[:firebase_messaging] AndroidManifest.xml:8:22-65
43    <uses-permission android:name="android.permission.ACCESS_NETWORK_STATE" /> <!-- Permissions options for the `notification` group -->
43-->[:firebase_messaging] AndroidManifest.xml:9:5-79
43-->[:firebase_messaging] AndroidManifest.xml:9:22-76
44    <uses-permission android:name="android.permission.POST_NOTIFICATIONS" />
44-->[:firebase_messaging] AndroidManifest.xml:11:5-77
44-->[:firebase_messaging] AndroidManifest.xml:11:22-74
45    <uses-permission android:name="android.permission.CALL_PHONE" />
45-->[:flutter_phone_direct_caller] AndroidManifest.xml:7:5-69
45-->[:flutter_phone_direct_caller] AndroidManifest.xml:7:22-66
46
47    <uses-feature
47-->[:flutter_phone_direct_caller] AndroidManifest.xml:9:5-11:36
48        android:name="android.hardware.telephony"
48-->[:flutter_phone_direct_caller] AndroidManifest.xml:10:9-50
49        android:required="false" /> <!-- Create a unique permission for your app and use it so only your app can receive your OneSignal messages. -->
49-->[:flutter_phone_direct_caller] AndroidManifest.xml:11:9-33
50    <permission
50-->[com.onesignal:OneSignal:4.8.8] AndroidManifest.xml:7:5-9:47
51        android:name="com.example.service_fixing.permission.C2D_MESSAGE"
51-->[com.onesignal:OneSignal:4.8.8] AndroidManifest.xml:8:9-63
52        android:protectionLevel="signature" />
52-->[com.onesignal:OneSignal:4.8.8] AndroidManifest.xml:9:9-44
53
54    <uses-permission android:name="com.example.service_fixing.permission.C2D_MESSAGE" /> <!-- c2dm RECEIVE are basic requirements for push messages through Google's FCM -->
54-->[com.onesignal:OneSignal:4.8.8] AndroidManifest.xml:11:5-79
54-->[com.onesignal:OneSignal:4.8.8] AndroidManifest.xml:11:22-76
55    <uses-permission android:name="com.google.android.c2dm.permission.RECEIVE" />
55-->[com.onesignal:OneSignal:4.8.8] AndroidManifest.xml:18:5-82
55-->[com.onesignal:OneSignal:4.8.8] AndroidManifest.xml:18:22-79
56    <!--
57 Required so the device vibrates on receiving a push notification.
58         Vibration settings of the device still apply.
59    -->
60    <uses-permission android:name="android.permission.VIBRATE" />
60-->[com.onesignal:OneSignal:4.8.8] AndroidManifest.xml:24:5-66
60-->[com.onesignal:OneSignal:4.8.8] AndroidManifest.xml:24:22-63
61    <!--
62 Use to restore notifications the user hasn't interacted with.
63         They could be missed notifications if the user reboots their device if this isn't in place.
64    -->
65    <uses-permission android:name="android.permission.RECEIVE_BOOT_COMPLETED" /> <!-- START: ShortcutBadger -->
65-->[com.onesignal:OneSignal:4.8.8] AndroidManifest.xml:30:5-81
65-->[com.onesignal:OneSignal:4.8.8] AndroidManifest.xml:30:22-78
66    <!-- Samsung -->
67    <uses-permission android:name="com.sec.android.provider.badge.permission.READ" />
67-->[com.onesignal:OneSignal:4.8.8] AndroidManifest.xml:32:5-86
67-->[com.onesignal:OneSignal:4.8.8] AndroidManifest.xml:32:22-83
68    <uses-permission android:name="com.sec.android.provider.badge.permission.WRITE" /> <!-- HTC -->
68-->[com.onesignal:OneSignal:4.8.8] AndroidManifest.xml:33:5-87
68-->[com.onesignal:OneSignal:4.8.8] AndroidManifest.xml:33:22-84
69    <uses-permission android:name="com.htc.launcher.permission.READ_SETTINGS" />
69-->[com.onesignal:OneSignal:4.8.8] AndroidManifest.xml:34:5-81
69-->[com.onesignal:OneSignal:4.8.8] AndroidManifest.xml:34:22-78
70    <uses-permission android:name="com.htc.launcher.permission.UPDATE_SHORTCUT" /> <!-- Sony -->
70-->[com.onesignal:OneSignal:4.8.8] AndroidManifest.xml:35:5-83
70-->[com.onesignal:OneSignal:4.8.8] AndroidManifest.xml:35:22-80
71    <uses-permission android:name="com.sonyericsson.home.permission.BROADCAST_BADGE" />
71-->[com.onesignal:OneSignal:4.8.8] AndroidManifest.xml:36:5-88
71-->[com.onesignal:OneSignal:4.8.8] AndroidManifest.xml:36:22-85
72    <uses-permission android:name="com.sonymobile.home.permission.PROVIDER_INSERT_BADGE" /> <!-- Apex -->
72-->[com.onesignal:OneSignal:4.8.8] AndroidManifest.xml:37:5-92
72-->[com.onesignal:OneSignal:4.8.8] AndroidManifest.xml:37:22-89
73    <uses-permission android:name="com.anddoes.launcher.permission.UPDATE_COUNT" /> <!-- Solid -->
73-->[com.onesignal:OneSignal:4.8.8] AndroidManifest.xml:38:5-84
73-->[com.onesignal:OneSignal:4.8.8] AndroidManifest.xml:38:22-81
74    <uses-permission android:name="com.majeur.launcher.permission.UPDATE_BADGE" /> <!-- Huawei -->
74-->[com.onesignal:OneSignal:4.8.8] AndroidManifest.xml:39:5-83
74-->[com.onesignal:OneSignal:4.8.8] AndroidManifest.xml:39:22-80
75    <uses-permission android:name="com.huawei.android.launcher.permission.CHANGE_BADGE" />
75-->[com.onesignal:OneSignal:4.8.8] AndroidManifest.xml:40:5-91
75-->[com.onesignal:OneSignal:4.8.8] AndroidManifest.xml:40:22-88
76    <uses-permission android:name="com.huawei.android.launcher.permission.READ_SETTINGS" />
76-->[com.onesignal:OneSignal:4.8.8] AndroidManifest.xml:41:5-92
76-->[com.onesignal:OneSignal:4.8.8] AndroidManifest.xml:41:22-89
77    <uses-permission android:name="com.huawei.android.launcher.permission.WRITE_SETTINGS" /> <!-- ZUK -->
77-->[com.onesignal:OneSignal:4.8.8] AndroidManifest.xml:42:5-93
77-->[com.onesignal:OneSignal:4.8.8] AndroidManifest.xml:42:22-90
78    <uses-permission android:name="android.permission.READ_APP_BADGE" /> <!-- OPPO -->
78-->[com.onesignal:OneSignal:4.8.8] AndroidManifest.xml:43:5-73
78-->[com.onesignal:OneSignal:4.8.8] AndroidManifest.xml:43:22-70
79    <uses-permission android:name="com.oppo.launcher.permission.READ_SETTINGS" />
79-->[com.onesignal:OneSignal:4.8.8] AndroidManifest.xml:44:5-82
79-->[com.onesignal:OneSignal:4.8.8] AndroidManifest.xml:44:22-79
80    <uses-permission android:name="com.oppo.launcher.permission.WRITE_SETTINGS" /> <!-- EvMe -->
80-->[com.onesignal:OneSignal:4.8.8] AndroidManifest.xml:45:5-83
80-->[com.onesignal:OneSignal:4.8.8] AndroidManifest.xml:45:22-80
81    <uses-permission android:name="me.everything.badger.permission.BADGE_COUNT_READ" />
81-->[com.onesignal:OneSignal:4.8.8] AndroidManifest.xml:46:5-88
81-->[com.onesignal:OneSignal:4.8.8] AndroidManifest.xml:46:22-85
82    <uses-permission android:name="me.everything.badger.permission.BADGE_COUNT_WRITE" />
82-->[com.onesignal:OneSignal:4.8.8] AndroidManifest.xml:47:5-89
82-->[com.onesignal:OneSignal:4.8.8] AndroidManifest.xml:47:22-86
83    <uses-permission android:name="com.google.android.gms.permission.AD_ID" />
83-->[com.google.android.gms:play-services-measurement-api:21.5.1] AndroidManifest.xml:25:5-79
83-->[com.google.android.gms:play-services-measurement-api:21.5.1] AndroidManifest.xml:25:22-76
84    <uses-permission android:name="android.permission.ACCESS_ADSERVICES_ATTRIBUTION" />
84-->[com.google.android.gms:play-services-measurement-api:21.5.1] AndroidManifest.xml:26:5-88
84-->[com.google.android.gms:play-services-measurement-api:21.5.1] AndroidManifest.xml:26:22-85
85    <uses-permission android:name="android.permission.ACCESS_ADSERVICES_AD_ID" />
85-->[com.google.android.gms:play-services-measurement-api:21.5.1] AndroidManifest.xml:27:5-82
85-->[com.google.android.gms:play-services-measurement-api:21.5.1] AndroidManifest.xml:27:22-79
86
87    <uses-feature
87-->[com.google.android.gms:play-services-maps:18.2.0] AndroidManifest.xml:26:5-28:35
88        android:glEsVersion="0x00020000"
88-->[com.google.android.gms:play-services-maps:18.2.0] AndroidManifest.xml:27:9-41
89        android:required="true" />
89-->[com.google.android.gms:play-services-maps:18.2.0] AndroidManifest.xml:28:9-32
90
91    <uses-permission android:name="com.google.android.finsky.permission.BIND_GET_INSTALL_REFERRER_SERVICE" />
91-->[com.google.android.gms:play-services-measurement:21.5.1] AndroidManifest.xml:26:5-110
91-->[com.google.android.gms:play-services-measurement:21.5.1] AndroidManifest.xml:26:22-107
92    <uses-permission android:name="com.google.android.providers.gsf.permission.READ_GSERVICES" />
92-->[com.google.android.recaptcha:recaptcha:18.4.0] AndroidManifest.xml:9:5-98
92-->[com.google.android.recaptcha:recaptcha:18.4.0] AndroidManifest.xml:9:22-95
93
94    <permission
94-->[androidx.core:core:1.10.1] AndroidManifest.xml:22:5-24:47
95        android:name="com.example.service_fixing.DYNAMIC_RECEIVER_NOT_EXPORTED_PERMISSION"
95-->[androidx.core:core:1.10.1] AndroidManifest.xml:23:9-81
96        android:protectionLevel="signature" />
96-->[androidx.core:core:1.10.1] AndroidManifest.xml:24:9-44
97
98    <uses-permission android:name="com.example.service_fixing.DYNAMIC_RECEIVER_NOT_EXPORTED_PERMISSION" />
98-->[androidx.core:core:1.10.1] AndroidManifest.xml:26:5-97
98-->[androidx.core:core:1.10.1] AndroidManifest.xml:26:22-94
99
100    <application
101        android:name="android.app.Application"
102        android:appComponentFactory="androidx.core.app.CoreComponentFactory"
102-->[androidx.core:core:1.10.1] AndroidManifest.xml:28:18-86
103        android:debuggable="true"
104        android:icon="@mipmap/ic_launcher"
105        android:label="LCS" >
106        <activity
107            android:name="com.example.service_fixing.MainActivity"
108            android:configChanges="orientation|keyboardHidden|keyboard|screenSize|smallestScreenSize|locale|layoutDirection|fontScale|screenLayout|density|uiMode"
109            android:exported="true"
110            android:hardwareAccelerated="true"
111            android:launchMode="singleTop"
112            android:theme="@style/LaunchTheme"
113            android:windowSoftInputMode="adjustResize" >
114
115            <!--
116                 Specifies an Android theme to apply to this Activity as soon as
117                 the Android process has started. This theme is visible to the user
118                 while the Flutter UI initializes. After that, this theme continues
119                 to determine the Window background behind the Flutter UI.
120            -->
121            <meta-data
122                android:name="io.flutter.embedding.android.NormalTheme"
123                android:resource="@style/NormalTheme" />
124
125            <intent-filter>
126                <action android:name="android.intent.action.MAIN" />
127
128                <category android:name="android.intent.category.LAUNCHER" />
129            </intent-filter>
130        </activity>
131        <!--
132             Don't delete the meta-data below.
133             This is used by the Flutter tool to generate GeneratedPluginRegistrant.java
134        -->
135        <meta-data
136            android:name="flutterEmbedding"
137            android:value="2" />
138        <meta-data
139            android:name="com.google.android.geo.API_KEY"
140            android:value="AIzaSyAOPzqz1rLdSTVcBirlJjbg3J9_484wdE8" />
141
142        <service
142-->[:firebase_auth] AndroidManifest.xml:8:9-12:19
143            android:name="com.google.firebase.components.ComponentDiscoveryService"
143-->[:firebase_auth] AndroidManifest.xml:8:18-89
144            android:directBootAware="true"
144-->[com.google.firebase:firebase-common:20.4.2] AndroidManifest.xml:32:13-43
145            android:exported="false" >
145-->[com.google.firebase:firebase-auth:22.3.1] AndroidManifest.xml:68:13-37
146            <meta-data
146-->[:firebase_auth] AndroidManifest.xml:9:13-11:85
147                android:name="com.google.firebase.components:io.flutter.plugins.firebase.auth.FlutterFirebaseAuthRegistrar"
147-->[:firebase_auth] AndroidManifest.xml:10:17-124
148                android:value="com.google.firebase.components.ComponentRegistrar" />
148-->[:firebase_auth] AndroidManifest.xml:11:17-82
149            <meta-data
149-->[:firebase_storage] AndroidManifest.xml:9:13-11:85
150                android:name="com.google.firebase.components:io.flutter.plugins.firebase.storage.FlutterFirebaseAppRegistrar"
150-->[:firebase_storage] AndroidManifest.xml:10:17-126
151                android:value="com.google.firebase.components.ComponentRegistrar" />
151-->[:firebase_storage] AndroidManifest.xml:11:17-82
152            <meta-data
152-->[:firebase_messaging] AndroidManifest.xml:36:13-38:85
153                android:name="com.google.firebase.components:io.flutter.plugins.firebase.messaging.FlutterFirebaseAppRegistrar"
153-->[:firebase_messaging] AndroidManifest.xml:37:17-128
154                android:value="com.google.firebase.components.ComponentRegistrar" />
154-->[:firebase_messaging] AndroidManifest.xml:38:17-82
155            <meta-data
155-->[:firebase_core] AndroidManifest.xml:9:13-11:85
156                android:name="com.google.firebase.components:io.flutter.plugins.firebase.core.FlutterFirebaseCoreRegistrar"
156-->[:firebase_core] AndroidManifest.xml:10:17-124
157                android:value="com.google.firebase.components.ComponentRegistrar" />
157-->[:firebase_core] AndroidManifest.xml:11:17-82
158            <meta-data
158-->[com.google.firebase:firebase-auth:22.3.1] AndroidManifest.xml:69:13-71:85
159                android:name="com.google.firebase.components:com.google.firebase.auth.FirebaseAuthRegistrar"
159-->[com.google.firebase:firebase-auth:22.3.1] AndroidManifest.xml:70:17-109
160                android:value="com.google.firebase.components.ComponentRegistrar" />
160-->[com.google.firebase:firebase-auth:22.3.1] AndroidManifest.xml:71:17-82
161            <meta-data
161-->[com.google.firebase:firebase-iid:21.1.0] AndroidManifest.xml:32:13-34:85
162                android:name="com.google.firebase.components:com.google.firebase.iid.Registrar"
162-->[com.google.firebase:firebase-iid:21.1.0] AndroidManifest.xml:33:17-96
163                android:value="com.google.firebase.components.ComponentRegistrar" />
163-->[com.google.firebase:firebase-iid:21.1.0] AndroidManifest.xml:34:17-82
164            <meta-data
164-->[com.google.android.gms:play-services-measurement-api:21.5.1] AndroidManifest.xml:37:13-39:85
165                android:name="com.google.firebase.components:com.google.firebase.analytics.connector.internal.AnalyticsConnectorRegistrar"
165-->[com.google.android.gms:play-services-measurement-api:21.5.1] AndroidManifest.xml:38:17-139
166                android:value="com.google.firebase.components.ComponentRegistrar" />
166-->[com.google.android.gms:play-services-measurement-api:21.5.1] AndroidManifest.xml:39:17-82
167            <meta-data
167-->[com.google.firebase:firebase-storage:20.3.0] AndroidManifest.xml:30:13-32:85
168                android:name="com.google.firebase.components:com.google.firebase.storage.FirebaseStorageKtxRegistrar"
168-->[com.google.firebase:firebase-storage:20.3.0] AndroidManifest.xml:31:17-118
169                android:value="com.google.firebase.components.ComponentRegistrar" />
169-->[com.google.firebase:firebase-storage:20.3.0] AndroidManifest.xml:32:17-82
170            <meta-data
170-->[com.google.firebase:firebase-storage:20.3.0] AndroidManifest.xml:33:13-35:85
171                android:name="com.google.firebase.components:com.google.firebase.storage.StorageRegistrar"
171-->[com.google.firebase:firebase-storage:20.3.0] AndroidManifest.xml:34:17-107
172                android:value="com.google.firebase.components.ComponentRegistrar" />
172-->[com.google.firebase:firebase-storage:20.3.0] AndroidManifest.xml:35:17-82
173            <meta-data
173-->[com.google.firebase:firebase-messaging:23.4.1] AndroidManifest.xml:57:13-59:85
174                android:name="com.google.firebase.components:com.google.firebase.messaging.FirebaseMessagingKtxRegistrar"
174-->[com.google.firebase:firebase-messaging:23.4.1] AndroidManifest.xml:58:17-122
175                android:value="com.google.firebase.components.ComponentRegistrar" />
175-->[com.google.firebase:firebase-messaging:23.4.1] AndroidManifest.xml:59:17-82
176            <meta-data
176-->[com.google.firebase:firebase-messaging:23.4.1] AndroidManifest.xml:60:13-62:85
177                android:name="com.google.firebase.components:com.google.firebase.messaging.FirebaseMessagingRegistrar"
177-->[com.google.firebase:firebase-messaging:23.4.1] AndroidManifest.xml:61:17-119
178                android:value="com.google.firebase.components.ComponentRegistrar" />
178-->[com.google.firebase:firebase-messaging:23.4.1] AndroidManifest.xml:62:17-82
179            <meta-data
179-->[com.google.firebase:firebase-installations:17.2.0] AndroidManifest.xml:15:13-17:85
180                android:name="com.google.firebase.components:com.google.firebase.installations.FirebaseInstallationsKtxRegistrar"
180-->[com.google.firebase:firebase-installations:17.2.0] AndroidManifest.xml:16:17-130
181                android:value="com.google.firebase.components.ComponentRegistrar" />
181-->[com.google.firebase:firebase-installations:17.2.0] AndroidManifest.xml:17:17-82
182            <meta-data
182-->[com.google.firebase:firebase-installations:17.2.0] AndroidManifest.xml:18:13-20:85
183                android:name="com.google.firebase.components:com.google.firebase.installations.FirebaseInstallationsRegistrar"
183-->[com.google.firebase:firebase-installations:17.2.0] AndroidManifest.xml:19:17-127
184                android:value="com.google.firebase.components.ComponentRegistrar" />
184-->[com.google.firebase:firebase-installations:17.2.0] AndroidManifest.xml:20:17-82
185            <meta-data
185-->[com.google.firebase:firebase-appcheck:17.1.2] AndroidManifest.xml:25:13-27:85
186                android:name="com.google.firebase.components:com.google.firebase.appcheck.FirebaseAppCheckKtxRegistrar"
186-->[com.google.firebase:firebase-appcheck:17.1.2] AndroidManifest.xml:26:17-120
187                android:value="com.google.firebase.components.ComponentRegistrar" />
187-->[com.google.firebase:firebase-appcheck:17.1.2] AndroidManifest.xml:27:17-82
188            <meta-data
188-->[com.google.firebase:firebase-appcheck:17.1.2] AndroidManifest.xml:28:13-30:85
189                android:name="com.google.firebase.components:com.google.firebase.appcheck.FirebaseAppCheckRegistrar"
189-->[com.google.firebase:firebase-appcheck:17.1.2] AndroidManifest.xml:29:17-117
190                android:value="com.google.firebase.components.ComponentRegistrar" />
190-->[com.google.firebase:firebase-appcheck:17.1.2] AndroidManifest.xml:30:17-82
191            <meta-data
191-->[com.google.firebase:firebase-common-ktx:20.4.2] AndroidManifest.xml:12:13-14:85
192                android:name="com.google.firebase.components:com.google.firebase.ktx.FirebaseCommonLegacyRegistrar"
192-->[com.google.firebase:firebase-common-ktx:20.4.2] AndroidManifest.xml:13:17-116
193                android:value="com.google.firebase.components.ComponentRegistrar" />
193-->[com.google.firebase:firebase-common-ktx:20.4.2] AndroidManifest.xml:14:17-82
194            <meta-data
194-->[com.google.firebase:firebase-common:20.4.2] AndroidManifest.xml:35:13-37:85
195                android:name="com.google.firebase.components:com.google.firebase.FirebaseCommonKtxRegistrar"
195-->[com.google.firebase:firebase-common:20.4.2] AndroidManifest.xml:36:17-109
196                android:value="com.google.firebase.components.ComponentRegistrar" />
196-->[com.google.firebase:firebase-common:20.4.2] AndroidManifest.xml:37:17-82
197            <meta-data
197-->[com.google.firebase:firebase-datatransport:18.1.7] AndroidManifest.xml:27:13-29:85
198                android:name="com.google.firebase.components:com.google.firebase.datatransport.TransportRegistrar"
198-->[com.google.firebase:firebase-datatransport:18.1.7] AndroidManifest.xml:28:17-115
199                android:value="com.google.firebase.components.ComponentRegistrar" />
199-->[com.google.firebase:firebase-datatransport:18.1.7] AndroidManifest.xml:29:17-82
200        </service>
201        <service
201-->[:firebase_messaging] AndroidManifest.xml:14:9-17:72
202            android:name="io.flutter.plugins.firebase.messaging.FlutterFirebaseMessagingBackgroundService"
202-->[:firebase_messaging] AndroidManifest.xml:15:13-107
203            android:exported="false"
203-->[:firebase_messaging] AndroidManifest.xml:16:13-37
204            android:permission="android.permission.BIND_JOB_SERVICE" />
204-->[:firebase_messaging] AndroidManifest.xml:17:13-69
205        <service
205-->[:firebase_messaging] AndroidManifest.xml:18:9-24:19
206            android:name="io.flutter.plugins.firebase.messaging.FlutterFirebaseMessagingService"
206-->[:firebase_messaging] AndroidManifest.xml:19:13-97
207            android:exported="false" >
207-->[:firebase_messaging] AndroidManifest.xml:20:13-37
208            <intent-filter>
208-->[:firebase_messaging] AndroidManifest.xml:21:13-23:29
209                <action android:name="com.google.firebase.MESSAGING_EVENT" />
209-->[:firebase_messaging] AndroidManifest.xml:22:17-78
209-->[:firebase_messaging] AndroidManifest.xml:22:25-75
210            </intent-filter>
211        </service>
212
213        <receiver
213-->[:firebase_messaging] AndroidManifest.xml:26:9-33:20
214            android:name="io.flutter.plugins.firebase.messaging.FlutterFirebaseMessagingReceiver"
214-->[:firebase_messaging] AndroidManifest.xml:27:13-98
215            android:exported="true"
215-->[:firebase_messaging] AndroidManifest.xml:28:13-36
216            android:permission="com.google.android.c2dm.permission.SEND" >
216-->[:firebase_messaging] AndroidManifest.xml:29:13-73
217            <intent-filter>
217-->[:firebase_messaging] AndroidManifest.xml:30:13-32:29
218                <action android:name="com.google.android.c2dm.intent.RECEIVE" />
218-->[:firebase_messaging] AndroidManifest.xml:31:17-81
218-->[:firebase_messaging] AndroidManifest.xml:31:25-78
219            </intent-filter>
220        </receiver>
221
222        <provider
222-->[:firebase_messaging] AndroidManifest.xml:41:9-45:38
223            android:name="io.flutter.plugins.firebase.messaging.FlutterFirebaseMessagingInitProvider"
223-->[:firebase_messaging] AndroidManifest.xml:42:13-102
224            android:authorities="com.example.service_fixing.flutterfirebasemessaginginitprovider"
224-->[:firebase_messaging] AndroidManifest.xml:43:13-88
225            android:exported="false"
225-->[:firebase_messaging] AndroidManifest.xml:44:13-37
226            android:initOrder="99" />
226-->[:firebase_messaging] AndroidManifest.xml:45:13-35
227
228        <service
228-->[:geolocator_android] AndroidManifest.xml:10:9-14:56
229            android:name="com.baseflow.geolocator.GeolocatorLocationService"
229-->[:geolocator_android] AndroidManifest.xml:11:13-77
230            android:enabled="true"
230-->[:geolocator_android] AndroidManifest.xml:12:13-35
231            android:exported="false"
231-->[:geolocator_android] AndroidManifest.xml:13:13-37
232            android:foregroundServiceType="location" />
232-->[:geolocator_android] AndroidManifest.xml:14:13-53
233
234        <provider
234-->[:image_picker_android] AndroidManifest.xml:8:9-16:20
235            android:name="io.flutter.plugins.imagepicker.ImagePickerFileProvider"
235-->[:image_picker_android] AndroidManifest.xml:9:13-82
236            android:authorities="com.example.service_fixing.flutter.image_provider"
236-->[:image_picker_android] AndroidManifest.xml:10:13-74
237            android:exported="false"
237-->[:image_picker_android] AndroidManifest.xml:11:13-37
238            android:grantUriPermissions="true" >
238-->[:image_picker_android] AndroidManifest.xml:12:13-47
239            <meta-data
239-->[:image_picker_android] AndroidManifest.xml:13:13-15:75
240                android:name="android.support.FILE_PROVIDER_PATHS"
240-->[:image_picker_android] AndroidManifest.xml:14:17-67
241                android:resource="@xml/flutter_image_picker_file_paths" />
241-->[:image_picker_android] AndroidManifest.xml:15:17-72
242        </provider>
243
244        <activity
244-->[:url_launcher_android] AndroidManifest.xml:8:9-11:74
245            android:name="io.flutter.plugins.urllauncher.WebViewActivity"
245-->[:url_launcher_android] AndroidManifest.xml:9:13-74
246            android:exported="false"
246-->[:url_launcher_android] AndroidManifest.xml:10:13-37
247            android:theme="@android:style/Theme.NoTitleBar.Fullscreen" />
247-->[:url_launcher_android] AndroidManifest.xml:11:13-71
248
249        <service
249-->[:location] AndroidManifest.xml:11:9-15:56
250            android:name="com.lyokone.location.FlutterLocationService"
250-->[:location] AndroidManifest.xml:12:13-71
251            android:enabled="true"
251-->[:location] AndroidManifest.xml:13:13-35
252            android:exported="false"
252-->[:location] AndroidManifest.xml:14:13-37
253            android:foregroundServiceType="location" />
253-->[:location] AndroidManifest.xml:15:13-53
254
255        <receiver
255-->[com.onesignal:OneSignal:4.8.8] AndroidManifest.xml:50:9-61:20
256            android:name="com.onesignal.FCMBroadcastReceiver"
256-->[com.onesignal:OneSignal:4.8.8] AndroidManifest.xml:51:13-62
257            android:exported="true"
257-->[com.onesignal:OneSignal:4.8.8] AndroidManifest.xml:52:13-36
258            android:permission="com.google.android.c2dm.permission.SEND" >
258-->[com.onesignal:OneSignal:4.8.8] AndroidManifest.xml:53:13-73
259
260            <!-- High priority so OneSignal payloads can be filtered from other FCM receivers -->
261            <intent-filter android:priority="999" >
261-->[com.onesignal:OneSignal:4.8.8] AndroidManifest.xml:56:13-60:29
261-->[com.onesignal:OneSignal:4.8.8] AndroidManifest.xml:56:28-50
262                <action android:name="com.google.android.c2dm.intent.RECEIVE" />
262-->[:firebase_messaging] AndroidManifest.xml:31:17-81
262-->[:firebase_messaging] AndroidManifest.xml:31:25-78
263
264                <category android:name="com.example.service_fixing" />
264-->[com.onesignal:OneSignal:4.8.8] AndroidManifest.xml:59:17-61
264-->[com.onesignal:OneSignal:4.8.8] AndroidManifest.xml:59:27-58
265            </intent-filter>
266        </receiver>
267
268        <service
268-->[com.onesignal:OneSignal:4.8.8] AndroidManifest.xml:63:9-69:19
269            android:name="com.onesignal.HmsMessageServiceOneSignal"
269-->[com.onesignal:OneSignal:4.8.8] AndroidManifest.xml:64:13-68
270            android:exported="false" >
270-->[com.onesignal:OneSignal:4.8.8] AndroidManifest.xml:65:13-37
271            <intent-filter>
271-->[com.onesignal:OneSignal:4.8.8] AndroidManifest.xml:66:13-68:29
272                <action android:name="com.huawei.push.action.MESSAGING_EVENT" />
272-->[com.onesignal:OneSignal:4.8.8] AndroidManifest.xml:67:17-81
272-->[com.onesignal:OneSignal:4.8.8] AndroidManifest.xml:67:25-78